<?xml version="1.0" encoding="UTF-8"?>
<!-- Generated by org.testng.reporters.JUnitReportReporter -->
<testsuite hostname="DESKTOP-20FUMTS" failures="0" tests="1" name="com.Webdriver.RobotScreenshotConcept" time="5.055" errors="0" timestamp="2021-07-20T21:01:38 IST" skipped="0">
  <testcase classname="com.Webdriver.RobotScreenshotConcept" name="script" time="5.055"/>
  <system-out/>
</testsuite> <!-- com.Webdriver.RobotScreenshotConcept -->
