<?xml version="1.0" encoding="UTF-8"?>
<!-- Generated by org.testng.reporters.JUnitReportReporter -->
<testsuite hostname="DESKTOP-20FUMTS" failures="0" tests="1" name="com.Webdriver.Button" time="5.315" errors="0" timestamp="2021-07-14T19:11:11 IST" skipped="0">
  <testcase classname="com.Webdriver.Button" name="scipt2" time="5.315"/>
  <system-out/>
</testsuite> <!-- com.Webdriver.Button -->
