<?xml version="1.0" encoding="UTF-8"?>
<!-- Generated by org.testng.reporters.JUnitReportReporter -->
<testsuite hostname="DESKTOP-20FUMTS" failures="0" tests="1" name="functionality.Login" time="6.608" errors="0" timestamp="2021-07-21T17:25:27 IST" skipped="0">
  <testcase classname="functionality.Login" name="scipt2" time="6.608"/>
  <system-out/>
</testsuite> <!-- functionality.Login -->
