<?xml version="1.0" encoding="UTF-8"?>
<!-- Generated by org.testng.reporters.JUnitReportReporter -->
<testsuite hostname="DESKTOP-20FUMTS" failures="0" tests="1" name="com.Webdriver.WindowHandling" time="10.320" errors="0" timestamp="2021-07-16T21:56:28 IST" skipped="0">
  <testcase classname="com.Webdriver.WindowHandling" name="script5" time="10.320"/>
  <system-out/>
</testsuite> <!-- com.Webdriver.WindowHandling -->
