<?xml version="1.0" encoding="UTF-8"?>
<!-- Generated by org.testng.reporters.JUnitReportReporter -->
<testsuite hostname="DESKTOP-20FUMTS" failures="0" tests="1" name="com.Webdriver.DragAndDrop" time="5.227" errors="0" timestamp="2021-07-26T09:58:12 IST" skipped="0">
  <testcase classname="com.Webdriver.DragAndDrop" name="script5" time="5.227"/>
  <system-out/>
</testsuite> <!-- com.Webdriver.DragAndDrop -->
