<?xml version="1.0" encoding="UTF-8"?>
<!-- Generated by org.testng.reporters.JUnitReportReporter -->
<testsuite hostname="DESKTOP-20FUMTS" failures="0" tests="1" name="com.Webdriver.Config_Practice" time="15.032" errors="0" timestamp="2021-07-24T22:36:38 IST" skipped="0">
  <testcase classname="com.Webdriver.Config_Practice" name="script1" time="15.032"/>
  <system-out/>
</testsuite> <!-- com.Webdriver.Config_Practice -->
