<?xml version="1.0" encoding="UTF-8"?>
<!-- Generated by org.testng.reporters.JUnitReportReporter -->
<testsuite hostname="DESKTOP-20FUMTS" failures="0" tests="1" name="com.JavaScriptExecutor.JavaScriptexecutorScroll" time="12.530" errors="0" timestamp="2021-07-21T21:54:33 IST" skipped="0">
  <testcase classname="com.JavaScriptExecutor.JavaScriptexecutorScroll" name="scipt" time="12.530"/>
  <system-out/>
</testsuite> <!-- com.JavaScriptExecutor.JavaScriptexecutorScroll -->
