<?xml version="1.0" encoding="UTF-8"?>
<!-- Generated by org.testng.reporters.JUnitReportReporter -->
<testsuite hostname="DESKTOP-20FUMTS" failures="0" tests="1" name="com.Webdriver.Hyperlink" time="4.573" errors="0" timestamp="2021-07-15T12:41:27 IST" skipped="0">
  <testcase classname="com.Webdriver.Hyperlink" name="scipt3" time="4.573"/>
  <system-out/>
</testsuite> <!-- com.Webdriver.Hyperlink -->
