<?xml version="1.0" encoding="UTF-8"?>
<!-- Generated by org.testng.reporters.JUnitReportReporter -->
<testsuite hostname="DESKTOP-20FUMTS" failures="0" tests="1" name="com.Webdriver.UnorderedList" time="16.648" errors="0" timestamp="2021-07-20T19:50:51 IST" skipped="0">
  <testcase classname="com.Webdriver.UnorderedList" name="script5" time="16.648"/>
  <system-out/>
</testsuite> <!-- com.Webdriver.UnorderedList -->
