<?xml version="1.0" encoding="UTF-8"?>
<!-- Generated by org.testng.reporters.JUnitReportReporter -->
<testsuite hostname="DESKTOP-20FUMTS" failures="0" tests="1" name="com.Webdriver.OrderedList" time="6.810" errors="0" timestamp="2021-07-20T18:55:12 IST" skipped="0">
  <testcase classname="com.Webdriver.OrderedList" name="script5" time="6.810"/>
  <system-out/>
</testsuite> <!-- com.Webdriver.OrderedList -->
