<?xml version="1.0" encoding="UTF-8"?>
<!-- Generated by org.testng.reporters.JUnitReportReporter -->
<testsuite hostname="DESKTOP-20FUMTS" failures="0" tests="1" name="com.Webdriver.ToolTipConcept" time="3.362" errors="0" timestamp="2021-07-23T20:40:35 IST" skipped="0">
  <testcase classname="com.Webdriver.ToolTipConcept" name="scipt1" time="3.362"/>
  <system-out/>
</testsuite> <!-- com.Webdriver.ToolTipConcept -->
