<?xml version="1.0" encoding="UTF-8"?>
<!-- Generated by org.testng.reporters.JUnitReportReporter -->
<testsuite hostname="DESKTOP-20FUMTS" failures="0" tests="1" name="com.Webdriver.Dropbox" time="4.055" errors="0" timestamp="2021-07-14T20:58:05 IST" skipped="0">
  <testcase classname="com.Webdriver.Dropbox" name="script4" time="4.055"/>
  <system-out/>
</testsuite> <!-- com.Webdriver.Dropbox -->
