<?xml version="1.0" encoding="UTF-8"?>
<!-- Generated by org.testng.reporters.JUnitReportReporter -->
<testsuite hostname="DESKTOP-20FUMTS" failures="0" tests="1" name="com.Webdriver.TakesScreenshotConcept" time="9.728" errors="0" timestamp="2021-07-20T20:18:21 IST" skipped="0">
  <testcase classname="com.Webdriver.TakesScreenshotConcept" name="script5" time="9.728"/>
  <system-out/>
</testsuite> <!-- com.Webdriver.TakesScreenshotConcept -->
