<?xml version="1.0" encoding="UTF-8"?>
<!-- Generated by org.testng.reporters.JUnitReportReporter -->
<testsuite hostname="DESKTOP-20FUMTS" failures="0" tests="1" name="com.Webdriver.AlertPopup" time="3.883" errors="0" timestamp="2021-07-15T15:07:00 IST" skipped="0">
  <testcase classname="com.Webdriver.AlertPopup" name="script5" time="3.883"/>
  <system-out/>
</testsuite> <!-- com.Webdriver.AlertPopup -->
