<?xml version="1.0" encoding="UTF-8"?>
<!-- Generated by org.testng.reporters.JUnitReportReporter -->
<testsuite hostname="DESKTOP-20FUMTS" failures="0" tests="1" name="runner.Run1" time="4.977" errors="0" timestamp="2021-07-26T20:16:14 IST" skipped="0">
  <testcase classname="runner.Run1" name="runScenario" time="4.977"/>
  <system-out/>
</testsuite> <!-- runner.Run1 -->
