<?xml version="1.0" encoding="UTF-8"?>
<!-- Generated by org.testng.reporters.JUnitReportReporter -->
<testsuite hostname="DESKTOP-20FUMTS" failures="0" tests="1" name="com.Webdriver.Edit" time="3.524" errors="0" timestamp="2021-07-14T18:13:02 IST" skipped="0">
  <testcase classname="com.Webdriver.Edit" name="script1" time="3.524"/>
  <system-out/>
</testsuite> <!-- com.Webdriver.Edit -->
