<?xml version="1.0" encoding="UTF-8"?>
<!-- Generated by org.testng.reporters.JUnitReportReporter -->
<testsuite hostname="DESKTOP-20FUMTS" failures="0" tests="1" name="com.Webdriver.Cookies_Concept" time="8.565" errors="0" timestamp="2021-07-25T22:28:22 IST" skipped="0">
  <testcase classname="com.Webdriver.Cookies_Concept" name="script5" time="8.565"/>
  <system-out/>
</testsuite> <!-- com.Webdriver.Cookies_Concept -->
