<?xml version="1.0" encoding="UTF-8"?>
<!-- Generated by org.testng.reporters.JUnitReportReporter -->
<testsuite hostname="DESKTOP-20FUMTS" failures="0" tests="1" name="com.excel.DataDrivenPOIAPI" time="27.598" errors="0" timestamp="2021-07-22T21:14:08 IST" skipped="0">
  <testcase classname="com.excel.DataDrivenPOIAPI" name="script1" time="27.598"/>
  <system-out/>
</testsuite> <!-- com.excel.DataDrivenPOIAPI -->
