<?xml version="1.0" encoding="UTF-8"?>
<!-- Generated by org.testng.reporters.JUnitReportReporter -->
<testsuite hostname="DESKTOP-20FUMTS" failures="0" tests="1" name="com.Webdriver.Waits" time="7.726" errors="0" timestamp="2021-07-17T20:38:27 IST" skipped="0">
  <testcase classname="com.Webdriver.Waits" name="scipt2" time="7.726"/>
  <system-out/>
</testsuite> <!-- com.Webdriver.Waits -->
