<?xml version="1.0" encoding="UTF-8"?>
<!-- Generated by org.testng.reporters.JUnitReportReporter -->
<testsuite hostname="DESKTOP-20FUMTS" failures="0" tests="1" name="com.Webdriver.Demo_Alert" time="9.582" errors="0" timestamp="2021-07-15T15:34:42 IST" skipped="0">
  <testcase classname="com.Webdriver.Demo_Alert" name="script5" time="9.582"/>
  <system-out/>
</testsuite> <!-- com.Webdriver.Demo_Alert -->
