<?xml version="1.0" encoding="UTF-8"?>
<!-- Generated by org.testng.reporters.JUnitReportReporter -->
<testsuite hostname="DESKTOP-20FUMTS" failures="0" tests="1" name="com.Webdriver.GetCommands" time="3.591" errors="0" timestamp="2021-07-17T21:02:11 IST" skipped="0">
  <testcase classname="com.Webdriver.GetCommands" name="scipt2" time="3.591"/>
  <system-out/>
</testsuite> <!-- com.Webdriver.GetCommands -->
