<?xml version="1.0" encoding="UTF-8"?>
<!-- Generated by org.testng.reporters.JUnitReportReporter -->
<testsuite hostname="DESKTOP-20FUMTS" failures="0" tests="1" name="com.excel.ReadExcelFileUsingPOI_API" time="24.945" errors="0" timestamp="2021-07-22T21:34:28 IST" skipped="0">
  <testcase classname="com.excel.ReadExcelFileUsingPOI_API" name="script1" time="24.945"/>
  <system-out/>
</testsuite> <!-- com.excel.ReadExcelFileUsingPOI_API -->
