<?xml version="1.0" encoding="UTF-8"?>
<!-- Generated by org.testng.reporters.JUnitReportReporter -->
<testsuite hostname="DESKTOP-20FUMTS" failures="0" tests="1" name="com.Webdriver.RadioButton" time="3.392" errors="0" timestamp="2021-07-14T21:21:21 IST" skipped="0">
  <testcase classname="com.Webdriver.RadioButton" name="script4" time="3.392"/>
  <system-out/>
</testsuite> <!-- com.Webdriver.RadioButton -->
