<?xml version="1.0" encoding="UTF-8"?>
<!-- Generated by org.testng.reporters.JUnitReportReporter -->
<testsuite hostname="DESKTOP-20FUMTS" failures="0" tests="1" name="com.Webdriver.FrameHandling" time="3.619" errors="0" timestamp="2021-07-19T12:43:54 IST" skipped="0">
  <testcase classname="com.Webdriver.FrameHandling" name="script5" time="3.619"/>
  <system-out/>
</testsuite> <!-- com.Webdriver.FrameHandling -->
