<?xml version="1.0" encoding="UTF-8"?>
<!-- Generated by org.testng.reporters.JUnitReportReporter -->
<testsuite hostname="DESKTOP-20FUMTS" failures="0" tests="1" name="com.Webdriver.Checkbox" time="4.741" errors="0" timestamp="2021-07-15T14:31:18 IST" skipped="0">
  <testcase classname="com.Webdriver.Checkbox" name="script5" time="4.741"/>
  <system-out/>
</testsuite> <!-- com.Webdriver.Checkbox -->
