<?xml version="1.0" encoding="UTF-8"?>
<!-- Generated by org.testng.reporters.JUnitReportReporter -->
<testsuite hostname="DESKTOP-20FUMTS" failures="0" tests="1" name="com.Webdriver.Navigation_And_Manage" time="7.389" errors="0" timestamp="2021-07-17T21:26:56 IST" skipped="0">
  <testcase classname="com.Webdriver.Navigation_And_Manage" name="script1" time="7.389"/>
  <system-out/>
</testsuite> <!-- com.Webdriver.Navigation_And_Manage -->
